[00:25:58] [Server thread/WARN]: Can't keep up! Did the system time change, or is the server overloaded? Running 5786ms behind, skipping 115 tick(s)
[00:27:08] [Server thread/WARN]: Can't keep up! Did the system time change, or is the server overloaded? Running 2307ms behind, skipping 46 tick(s)
[00:36:42] [Server thread/WARN]: Can't keep up! Did the system time change, or is the server overloaded? Running 3260ms behind, skipping 65 tick(s)
[00:46:19] [Server thread/WARN]: Can't keep up! Did the system time change, or is the server overloaded? Running 2766ms behind, skipping 55 tick(s)
[01:05:50] [pool-3-thread-25/INFO]: [Vault] Checking for Updates:
[01:05:50] [pool-3-thread-25/WARN]: [Vault] Stable Version: 1.4.1 is out! You are still running version: 1.2.31
[01:05:50] [pool-3-thread-25/WARN]: [Vault] Update at: http://dev.bukkit.org/server-mods/vault
[01:09:16] [Server thread/WARN]: Can't keep up! Did the system time change, or is the server overloaded? Running 2188ms behind, skipping 43 tick(s)
[01:39:16] [Server thread/WARN]: Can't keep up! Did the system time change, or is the server overloaded? Running 2836ms behind, skipping 56 tick(s)
[01:41:34] [Server thread/WARN]: Can't keep up! Did the system time change, or is the server overloaded? Running 2261ms behind, skipping 45 tick(s)
[01:51:08] [Server thread/WARN]: Can't keep up! Did the system time change, or is the server overloaded? Running 2647ms behind, skipping 52 tick(s)
[02:26:00] [Server thread/WARN]: Can't keep up! Did the system time change, or is the server overloaded? Running 5342ms behind, skipping 106 tick(s)
[02:26:38] [Server thread/WARN]: Can't keep up! Did the system time change, or is the server overloaded? Running 4652ms behind, skipping 93 tick(s)
[05:54:28] [Server thread/WARN]: Can't keep up! Did the system time change, or is the server overloaded? Running 2898ms behind, skipping 57 tick(s)
[06:34:34] [Server thread/WARN]: Can't keep up! Did the system time change, or is the server overloaded? Running 3042ms behind, skipping 60 tick(s)
[06:46:27] [Server thread/WARN]: Can't keep up! Did the system time change, or is the server overloaded? Running 3232ms behind, skipping 64 tick(s)
[07:06:01] [pool-3-thread-53/INFO]: [Vault] Checking for Updates:
[07:06:01] [pool-3-thread-53/WARN]: [Vault] Stable Version: 1.4.1 is out! You are still running version: 1.2.31
[07:06:01] [pool-3-thread-53/WARN]: [Vault] Update at: http://dev.bukkit.org/server-mods/vault
[07:09:19] [Server thread/WARN]: Can't keep up! Did the system time change, or is the server overloaded? Running 2080ms behind, skipping 41 tick(s)
[07:11:19] [Server thread/WARN]: Can't keep up! Did the system time change, or is the server overloaded? Running 2884ms behind, skipping 57 tick(s)
[07:31:10] [Server thread/WARN]: Can't keep up! Did the system time change, or is the server overloaded? Running 5641ms behind, skipping 112 tick(s)
[07:46:18] [Server thread/WARN]: Can't keep up! Did the system time change, or is the server overloaded? Running 3920ms behind, skipping 78 tick(s)
[08:16:31] [Server thread/WARN]: Can't keep up! Did the system time change, or is the server overloaded? Running 2149ms behind, skipping 42 tick(s)
[08:59:18] [Server thread/WARN]: Can't keep up! Did the system time change, or is the server overloaded? Running 2160ms behind, skipping 43 tick(s)
[09:01:18] [Server thread/WARN]: Can't keep up! Did the system time change, or is the server overloaded? Running 2650ms behind, skipping 53 tick(s)
[09:31:29] [Server thread/WARN]: Can't keep up! Did the system time change, or is the server overloaded? Running 3178ms behind, skipping 63 tick(s)
[09:46:54] [Server thread/WARN]: Can't keep up! Did the system time change, or is the server overloaded? Running 2975ms behind, skipping 59 tick(s)
[10:11:15] [Server thread/WARN]: Can't keep up! Did the system time change, or is the server overloaded? Running 3355ms behind, skipping 67 tick(s)
[10:59:28] [Server thread/WARN]: Can't keep up! Did the system time change, or is the server overloaded? Running 2368ms behind, skipping 47 tick(s)
[11:26:57] [Server thread/WARN]: Can't keep up! Did the system time change, or is the server overloaded? Running 2642ms behind, skipping 52 tick(s)
[13:01:29] [Server thread/WARN]: Can't keep up! Did the system time change, or is the server overloaded? Running 2688ms behind, skipping 53 tick(s)
[13:06:13] [pool-3-thread-76/INFO]: [Vault] Checking for Updates:
[13:06:13] [pool-3-thread-76/WARN]: [Vault] Stable Version: 1.4.1 is out! You are still running version: 1.2.31
[13:06:13] [pool-3-thread-76/WARN]: [Vault] Update at: http://dev.bukkit.org/server-mods/vault
[13:09:20] [Server thread/WARN]: Can't keep up! Did the system time change, or is the server overloaded? Running 3094ms behind, skipping 61 tick(s)
[13:16:21] [Server thread/WARN]: Can't keep up! Did the system time change, or is the server overloaded? Running 4500ms behind, skipping 90 tick(s)
[13:21:35] [Server thread/WARN]: Can't keep up! Did the system time change, or is the server overloaded? Running 2691ms behind, skipping 53 tick(s)
[13:41:23] [Server thread/WARN]: Can't keep up! Did the system time change, or is the server overloaded? Running 6680ms behind, skipping 133 tick(s)
[13:47:11] [Server thread/WARN]: Can't keep up! Did the system time change, or is the server overloaded? Running 2380ms behind, skipping 47 tick(s)
[14:19:58] [Server thread/WARN]: Can't keep up! Did the system time change, or is the server overloaded? Running 2128ms behind, skipping 42 tick(s)
[15:39:05] [Server thread/WARN]: Can't keep up! Did the system time change, or is the server overloaded? Running 2888ms behind, skipping 57 tick(s)
[16:55:13] [Server thread/INFO]: /77.179.234.73:34126 lost connection: Disconnected
[16:56:28] [Server thread/INFO]: /77.179.234.73:34164 lost connection: Disconnected
[16:58:51] [Server thread/WARN]: [AuthMe] ERROR: Your permission system (SuperPerms) do not support Group system with that config... unhook!
[16:58:52] [Server thread/INFO]: raphael[/77.179.234.73:34227] logged in with entity id 617 at ([world_nether] 0.0, 65.491776600064, 0.0)
[16:59:01] [Server thread/WARN]: Can't keep up! Did the system time change, or is the server overloaded? Running 4049ms behind, skipping 80 tick(s)
[16:59:01] [Server thread/INFO]: [AuthMe] raphael logged in!
[17:00:11] [Server thread/INFO]: CONSOLE: De-opped raphael[m
[17:00:20] [Server thread/INFO]: raphael issued server command: /goto
[17:01:26] [Server thread/WARN]: Can't keep up! Did the system time change, or is the server overloaded? Running 2093ms behind, skipping 41 tick(s)
[17:01:26] [Server thread/INFO]: Unknown command. Type "help" for help.[m
[17:05:41] [AutoSaveWorld AutoSaveThread/INFO]: [0;34;1mAutoSaving[m
[17:05:42] [Server thread/WARN]: A manual (plugin-induced) save has been detected while server is configured to auto-save. This may affect performance.
[17:05:43] [AutoSaveWorld AutoSaveThread/INFO]: [0;34;1mAutoSave Complete[m
[17:05:55] [Server thread/WARN]: Can't keep up! Did the system time change, or is the server overloaded? Running 3396ms behind, skipping 67 tick(s)
[17:06:33] [Server thread/WARN]: Can't keep up! Did the system time change, or is the server overloaded? Running 7010ms behind, skipping 140 tick(s)
[17:07:44] [Server thread/WARN]: Can't keep up! Did the system time change, or is the server overloaded? Running 4151ms behind, skipping 83 tick(s)
[17:07:56] [Server thread/INFO]: [AutoSaveWorld] Disabling AutoSaveWorld v4.13
[17:07:56] [Server thread/INFO]: [0;34;1mAutoSaving[m
[17:07:57] [Server thread/INFO]: [0;34;1mAutoSave Complete[m
[17:08:00] [Server thread/INFO]: [AuthMe] Disabling AuthMe v3.3.6
[17:08:00] [Server thread/INFO]: [WorldEdit] Disabling WorldEdit v5.6.2
[17:08:00] [Server thread/INFO]: [Vault] Disabling Vault v1.2.31-b411
[17:08:00] [Server thread/INFO]: [MultiWorld] Disabling MultiWorld v5.1.2
[17:08:00] [Server thread/INFO]: [MultiWorld] Disabled.
[17:08:01] [Server thread/INFO]: [MultiWorld] Loading MultiWorld v5.1.2
[17:08:01] [Server thread/INFO]: [GroupManager] Loading GroupManager v2.1.9 (Phoenix)
[17:08:01] [Server thread/INFO]: [Vault] Loading Vault v1.2.31-b411
[17:08:01] [Server thread/INFO]: [WorldEdit] Loading WorldEdit v5.6.2
[17:08:01] [Server thread/INFO]: [AutoSaveWorld] Loading AutoSaveWorld v4.13
[17:08:01] [Server thread/INFO]: [Essentials] Loading Essentials v2.13.1
[17:08:01] [Server thread/INFO]: [EssentialsChat] Loading EssentialsChat v2.13.1
[17:08:01] [Server thread/INFO]: [EssentialsProtect] Loading EssentialsProtect v2.13.1
[17:08:01] [Server thread/INFO]: [EssentialsSpawn] Loading EssentialsSpawn v2.13.1
[17:08:01] [Server thread/INFO]: [EssentialsAntiBuild] Loading EssentialsAntiBuild v2.13.1
[17:08:01] [Server thread/INFO]: [AuthMe] Loading AuthMe v3.3.6
[17:08:01] [Server thread/INFO]: [Vault] Enabling Vault v1.2.31-b411
[17:08:01] [Server thread/INFO]: [Vault] [Vault][Economy] Essentials Economy found: Waiting
[17:08:01] [Server thread/INFO]: [Vault] [Vault][Permission] GroupManager found: Waiting
[17:08:01] [Server thread/INFO]: [Vault] [Vault][Permission] SuperPermissions loaded as backup permission system.
[17:08:02] [Server thread/INFO]: [Vault] [Vault][Chat] GroupManager found: Waiting
[17:08:02] [Server thread/INFO]: [Vault] [Vault] Enabled Version 1.2.31-b411
[17:08:02] [Server thread/INFO]: [AutoSaveWorld] Enabling AutoSaveWorld v4.13
[17:08:02] [Server thread/INFO]: [MultiWorld] Enabling MultiWorld v5.1.2
[17:08:02] [Server thread/INFO]: worlds.creative
[17:08:02] [Server thread/INFO]: worlds.world
[17:08:02] [Server thread/INFO]: worlds.world_nether
[17:08:02] [Server thread/INFO]: worlds.world_the_end
[17:08:02] [Server thread/INFO]: [MultiWorld] v5.1.2 enabled.
[17:08:02] [Server thread/INFO]: [GroupManager] Enabling GroupManager v2.1.9 (Phoenix)
[17:08:02] [Server thread/INFO]: GroupManager - INFO - World Found: world
[17:08:02] [Server thread/INFO]: GroupManager - INFO - Superperms support enabled.
[17:08:02] [Server thread/INFO]: GroupManager - INFO - Scheduled Data Saving is set for every 10 minutes!
[17:08:02] [Server thread/INFO]: GroupManager - INFO - Backups will be retained for 24 hours!
[17:08:02] [Server thread/INFO]: GroupManager version 2.1.9 (Phoenix) is enabled!
[17:08:02] [Server thread/INFO]: [Vault][Permission] GroupManager hooked.
[17:08:02] [Server thread/INFO]: [Vault][Chat] GroupManager - Chat hooked.
[17:08:02] [Server thread/INFO]: [WorldEdit] Enabling WorldEdit v5.6.2
[17:08:02] [Server thread/INFO]: WEPIF: GroupManager detected! Using GroupManager for permissions.
[17:08:03] [Server thread/INFO]: [Essentials] Enabling Essentials v2.13.1
[17:08:03] [Server thread/INFO]: Erstelle Konfiguration aus Vorlage: /home/raphael/bukkit/plugins/Essentials/config.yml
[17:08:03] [pool-6-thread-1/INFO]: Erstelle leere Konfiguration: /home/raphael/bukkit/plugins/Essentials/upgrades-done.yml
[17:08:03] [Server thread/INFO]: Erstelle Konfiguration aus Vorlage: /home/raphael/bukkit/plugins/Essentials/worth.yml
[17:08:04] [Server thread/INFO]: [Essentials] This plugin collects minimal statistic data and sends it to http://metrics.essentials3.net.
[17:08:04] [Server thread/INFO]: [Essentials] You can opt out, disabling metrics for all plugins, by running /essentials opt-out
[17:08:04] [Server thread/INFO]: [Essentials] This will start 5 minutes after the first admin/op joins.
[17:08:04] [Server thread/INFO]: [Vault][Economy] Essentials Economy hooked.
[17:08:04] [Server thread/INFO]: Essentials: Using GroupManager based permissions.
[17:08:04] [Server thread/INFO]: [EssentialsChat] Enabling EssentialsChat v2.13.1
[17:08:04] [Server thread/INFO]: [EssentialsProtect] Enabling EssentialsProtect v2.13.1
[17:08:04] [Server thread/INFO]: [EssentialsSpawn] Enabling EssentialsSpawn v2.13.1
[17:08:05] [Server thread/INFO]: [EssentialsAntiBuild] Enabling EssentialsAntiBuild v2.13.1
[17:08:05] [Server thread/INFO]: [AuthMe] Enabling AuthMe v3.3.6
[17:08:05] [Server thread/INFO]: [AuthMe] Loading Configuration File...
[17:08:05] [Server thread/INFO]: [AuthMe] Set Language: en
[17:08:05] [Server thread/INFO]: [AuthMe] Vault plugin detected, hook with GroupManager system
[17:08:05] [Server thread/INFO]: [AuthMe] Hook with Essentials plugin
[17:08:05] [Server thread/ERROR]: Could not find spawn.yml, creating new one...
[17:08:05] [Server thread/INFO]: [AuthMe] Hook with EssentialsSpawn plugin
[17:08:05] [Server thread/INFO]: [AuthMe] LICENSE : This product includes GeoLite data created by MaxMind, available from http://www.maxmind.com
[17:08:05] [Server thread/INFO]: [AuthMe] Authme 3.3.6 enabled
[17:08:06] [Server thread/INFO]: Server permissions file permissions.yml is empty, ignoring it
[17:08:06] [Server thread/INFO]: CONSOLE: [0;32;1mReload complete.[m
[17:08:06] [Server thread/WARN]: Can't keep up! Did the system time change, or is the server overloaded? Running 9526ms behind, skipping 190 tick(s)
[17:08:06] [Server thread/INFO]: GroupManager - INFO - Bukkit Permissions Updated!
[17:08:07] [pool-3-thread-101/INFO]: [Vault] Checking for Updates:
[17:08:08] [pool-3-thread-101/WARN]: [Vault] Stable Version: 1.4.1 is out! You are still running version: 1.2.31
[17:08:08] [pool-3-thread-101/WARN]: [Vault] Update at: http://dev.bukkit.org/server-mods/vault
[17:09:58] [Server thread/INFO]: [0;31;1mCouldn't retrieve your world. Default world 'world' selected.[m
[17:09:58] [Server thread/INFO]: [0;33;1mYou changed player 'raphael' group to 'Owner' in world 'world'.[m
[17:10:21] [Server thread/INFO]: [0;33;1mYou changed player 'raphael' group to 'Owner' in world 'all_unnamed_worlds'.[m
[17:10:45] [Server thread/INFO]: [AuthMe] raphael logged in!
[17:11:06] [Server thread/INFO]: raphael issued server command: /goto world
[17:11:06] [Server thread/INFO]: [0;34;1m[[0;31;22mMultiWorld[0;34;1m] [0;36;22mraphael: Moved player raphael to world world[m
[17:11:27] [Server thread/WARN]: Can't keep up! Did the system time change, or is the server overloaded? Running 2877ms behind, skipping 57 tick(s)
[17:11:46] [Server thread/WARN]: Can't keep up! Did the system time change, or is the server overloaded? Running 4372ms behind, skipping 87 tick(s)
[17:12:32] [Server thread/WARN]: Can't keep up! Did the system time change, or is the server overloaded? Running 4944ms behind, skipping 98 tick(s)
[17:12:58] [Server thread/INFO]: [WorldEdit] Using external NmsBlock for this version: CBXNmsBlock_175_5xcompat
[17:14:16] [Server thread/WARN]: Can't keep up! Did the system time change, or is the server overloaded? Running 2913ms behind, skipping 58 tick(s)
[17:16:32] [Server thread/INFO]: CONSOLE issued server command: /playerlist 
[17:16:32] [Server thread/INFO]: [0;33;22mEs sind [0;31;1m1[0;33;22m von maximal [0;31;1m20[0;33;22m Spielern online.[m
[17:16:32] [Server thread/INFO]: [0;33;22mAdmins[m:[m[0;31;22mraphael[m[0;37;1m[m
[17:18:02] [pool-5-thread-1/INFO]: GroupManager - INFO -  Data files refreshed.
[17:18:06] [pool-6-thread-1/INFO]: Erstelle leere Konfiguration: /home/raphael/bukkit/plugins/Essentials/userdata/raphael.yml
[17:19:00] [Server thread/INFO]: raphael issued server command: /afk
[17:20:04] [Server thread/WARN]: Can't keep up! Did the system time change, or is the server overloaded? Running 4474ms behind, skipping 89 tick(s)
[17:20:25] [Server thread/WARN]: Can't keep up! Did the system time change, or is the server overloaded? Running 4838ms behind, skipping 96 tick(s)
[17:20:47] [Server thread/WARN]: Can't keep up! Did the system time change, or is the server overloaded? Running 2320ms behind, skipping 46 tick(s)
[17:21:31] [Server thread/INFO]: raphael issued server command: /toggledownfall
[17:21:31] [Server thread/INFO]: raphael: Toggling downfall off for world 'world'[m
[17:21:36] [Server thread/INFO]: raphael issued server command: /toggledownfall off
[17:23:04] [AutoSaveWorld AutoSaveThread/INFO]: [0;34;1mAutoSaving[m
[17:23:04] [Server thread/WARN]: A manual (plugin-induced) save has been detected while server is configured to auto-save. This may affect performance.
[17:23:05] [AutoSaveWorld AutoSaveThread/INFO]: [0;34;1mAutoSave Complete[m
[17:23:55] [Server thread/INFO]: raphael issued server command: //set 2
[17:24:05] [Server thread/WARN]: Can't keep up! Did the system time change, or is the server overloaded? Running 4558ms behind, skipping 91 tick(s)
[17:24:39] [Server thread/WARN]: Can't keep up! Did the system time change, or is the server overloaded? Running 2341ms behind, skipping 46 tick(s)
[17:27:04] [Server thread/WARN]: Can't keep up! Did the system time change, or is the server overloaded? Running 7082ms behind, skipping 141 tick(s)
[17:28:02] [pool-5-thread-1/INFO]: Newer Users file found (Loading changes)!
[17:28:02] [pool-5-thread-1/INFO]: GroupManager - INFO -  Data files refreshed.
[17:37:22] [Server thread/INFO]: Unknown command. Type "help" for help.[m
